Build started 8/19/2016 10:34:17 AM.
     1>Project "C:\Users\xiaomi\Desktop\Github_Project\NumberBaseConvertFrom2_36\NumberBaseConvertFrom2_36\NumberBaseConvertFrom2_36.vcxproj" on node 2 (build target(s)).
     1>InitializeBuildStatus:
         Creating "Debug\NumberBaseConvertFrom2_36.unsuccessfulbuild" because "AlwaysCreate" was specified.
       ClCompile:
         c:\Program Files (x86)\Microsoft Visual Studio 10.0\VC\bin\CL.exe /c /ZI /nologo /W3 /WX- /Od /Oy- /D WIN32 /D _DEBUG /D _CONSOLE /D _UNICODE /D UNICODE /Gm /EHsc /RTC1 /MDd /GS /fp:precise /Zc:wchar_t /Zc:forScope /Fo"Debug\\" /Fd"Debug\vc100.pdb" /Gd /TP /analyze- /errorReport:prompt NumberBaseConvertFrom2_36.cpp
         NumberBaseConvertFrom2_36.cpp
     1>c:\users\xiaomi\desktop\github_project\numberbaseconvertfrom2_36\numberbaseconvertfrom2_36\numberbaseconvertfrom2_36.cpp(22): warning C4996: 'scanf': This function or variable may be unsafe. Consider using scanf_s instead. To disable deprecation, use _CRT_SECURE_NO_WARNINGS. See online help for details.
                 c:\program files (x86)\microsoft visual studio 10.0\vc\include\stdio.h(304) : see declaration of 'scanf'
     1>c:\users\xiaomi\desktop\github_project\numberbaseconvertfrom2_36\numberbaseconvertfrom2_36\numberbaseconvertfrom2_36.cpp(26): warning C4996: 'scanf': This function or variable may be unsafe. Consider using scanf_s instead. To disable deprecation, use _CRT_SECURE_NO_WARNINGS. See online help for details.
                 c:\program files (x86)\microsoft visual studio 10.0\vc\include\stdio.h(304) : see declaration of 'scanf'
     1>c:\users\xiaomi\desktop\github_project\numberbaseconvertfrom2_36\numberbaseconvertfrom2_36\numberbaseconvertfrom2_36.cpp(29): warning C4996: 'scanf': This function or variable may be unsafe. Consider using scanf_s instead. To disable deprecation, use _CRT_SECURE_NO_WARNINGS. See online help for details.
                 c:\program files (x86)\microsoft visual studio 10.0\vc\include\stdio.h(304) : see declaration of 'scanf'
     1>c:\users\xiaomi\desktop\github_project\numberbaseconvertfrom2_36\numberbaseconvertfrom2_36\numberbaseconvertfrom2_36.cpp(37): warning C4996: 'scanf': This function or variable may be unsafe. Consider using scanf_s instead. To disable deprecation, use _CRT_SECURE_NO_WARNINGS. See online help for details.
                 c:\program files (x86)\microsoft visual studio 10.0\vc\include\stdio.h(304) : see declaration of 'scanf'
     1>c:\users\xiaomi\desktop\github_project\numberbaseconvertfrom2_36\numberbaseconvertfrom2_36\numberbaseconvertfrom2_36.cpp(63): warning C4244: 'argument' : conversion from 'int' to 'float', possible loss of data
     1>c:\users\xiaomi\desktop\github_project\numberbaseconvertfrom2_36\numberbaseconvertfrom2_36\numberbaseconvertfrom2_36.cpp(63): warning C4244: '=' : conversion from 'float' to 'int', possible loss of data
       ManifestResourceCompile:
         All outputs are up-to-date.
       Link:
         c:\Program Files (x86)\Microsoft Visual Studio 10.0\VC\bin\link.exe /ERRORREPORT:PROMPT /OUT:"C:\Users\xiaomi\Desktop\Github_Project\NumberBaseConvertFrom2_36\Debug\NumberBaseConvertFrom2_36.exe" /INCREMENTAL /NOLOGO kernel32.lib user32.lib gdi32.lib winspool.lib comdlg32.lib advapi32.lib shell32.lib ole32.lib oleaut32.lib uuid.lib odbc32.lib odbccp32.lib /MANIFEST /ManifestFile:"Debug\NumberBaseConvertFrom2_36.exe.intermediate.manifest" /MANIFESTUAC:"level='asInvoker' uiAccess='false'" /DEBUG /PDB:"C:\Users\xiaomi\Desktop\Github_Project\NumberBaseConvertFrom2_36\Debug\NumberBaseConvertFrom2_36.pdb" /SUBSYSTEM:CONSOLE /TLBID:1 /DYNAMICBASE /NXCOMPAT /IMPLIB:"C:\Users\xiaomi\Desktop\Github_Project\NumberBaseConvertFrom2_36\Debug\NumberBaseConvertFrom2_36.lib" /MACHINE:X86 Debug\NumberBaseConvertFrom2_36.exe.embed.manifest.res
         Debug\NumberBaseConvertFrom2_36.obj
       Manifest:
         C:\Program Files (x86)\Microsoft SDKs\Windows\v7.0A\bin\mt.exe /nologo /verbose /out:"Debug\NumberBaseConvertFrom2_36.exe.embed.manifest" /manifest Debug\NumberBaseConvertFrom2_36.exe.intermediate.manifest
         All outputs are up-to-date.
       LinkEmbedManifest:
         All outputs are up-to-date.
         NumberBaseConvertFrom2_36.vcxproj -> C:\Users\xiaomi\Desktop\Github_Project\NumberBaseConvertFrom2_36\Debug\NumberBaseConvertFrom2_36.exe
       FinalizeBuildStatus:
         Deleting file "Debug\NumberBaseConvertFrom2_36.unsuccessfulbuild".
         Touching "Debug\NumberBaseConvertFrom2_36.lastbuildstate".
     1>Done Building Project "C:\Users\xiaomi\Desktop\Github_Project\NumberBaseConvertFrom2_36\NumberBaseConvertFrom2_36\NumberBaseConvertFrom2_36.vcxproj" (build target(s)).

Build succeeded.

Time Elapsed 00:00:00.84
